<?xml version="1.0" encoding="UTF-8"?>
<!-- Generated by org.testng.reporters.JUnitXMLReporter -->
<testsuite hostname="DESKTOP-1EPNGST" ignored="0" name="Default test" tests="3" failures="0" timestamp="26 Apr 2020 06:02:12 GMT" time="20.431" errors="0">
  <testcase name="doLogin" time="7.745" classname="com.qa.hubspot.test.LoginPageTest"/>
  <testcase name="verifyloginpagetest" time="5.013" classname="com.qa.hubspot.test.LoginPageTest"/>
  <testcase name="verifysignuplinktest" time="0.054" classname="com.qa.hubspot.test.LoginPageTest"/>
</testsuite> <!-- Default test -->
