<?xml version="1.0" encoding="UTF-8"?>
<!-- Generated by org.testng.reporters.JUnitXMLReporter -->
<testsuite hostname="DESKTOP-1EPNGST" ignored="0" name="Command line test" tests="3" failures="0" timestamp="27 Apr 2020 13:47:01 GMT" time="24.758" errors="0">
  <testcase name="doLogin" time="7.666" classname="com.qa.hubspot.test.LoginPageTest"/>
  <testcase name="verifyloginpagetest" time="5.05" classname="com.qa.hubspot.test.LoginPageTest"/>
  <testcase name="verifysignuplinktest" time="0.157" classname="com.qa.hubspot.test.LoginPageTest"/>
</testsuite> <!-- Command line test -->
