<?xml version="1.0" encoding="UTF-8"?>
<testng-results skipped="0" failed="0" ignored="0" total="3" passed="3">
  <reporter-output>
  </reporter-output>
  <suite name="Command line suite" duration-ms="24758" started-at="2020-04-27T13:46:36Z" finished-at="2020-04-27T13:47:01Z">
    <groups>
    </groups>
    <test name="Command line test" duration-ms="24758" started-at="2020-04-27T13:46:36Z" finished-at="2020-04-27T13:47:01Z">
      <class name="com.qa.hubspot.test.LoginPageTest">
        <test-method status="PASS" signature="setup()[pri:0, instance:com.qa.hubspot.test.LoginPageTest@668bc3d5]" name="setup" is-config="true" duration-ms="11844" started-at="2020-04-27T13:46:36Z" finished-at="2020-04-27T13:46:48Z">
          <reporter-output>
          </reporter-output>
        </test-method> <!-- setup -->
        <test-method status="PASS" signature="doLogin()[pri:0, instance:com.qa.hubspot.test.LoginPageTest@668bc3d5]" name="doLogin" duration-ms="7666" started-at="2020-04-27T13:46:48Z" finished-at="2020-04-27T13:46:55Z">
          <reporter-output>
          </reporter-output>
        </test-method> <!-- doLogin -->
        <test-method status="PASS" signature="verifyloginpagetest()[pri:0, instance:com.qa.hubspot.test.LoginPageTest@668bc3d5]" name="verifyloginpagetest" duration-ms="5050" started-at="2020-04-27T13:46:55Z" finished-at="2020-04-27T13:47:00Z">
          <reporter-output>
          </reporter-output>
        </test-method> <!-- verifyloginpagetest -->
        <test-method status="PASS" signature="verifysignuplinktest()[pri:0, instance:com.qa.hubspot.test.LoginPageTest@668bc3d5]" name="verifysignuplinktest" duration-ms="157" started-at="2020-04-27T13:47:00Z" finished-at="2020-04-27T13:47:01Z">
          <reporter-output>
          </reporter-output>
        </test-method> <!-- verifysignuplinktest -->
      </class> <!-- com.qa.hubspot.test.LoginPageTest -->
    </test> <!-- Command line test -->
  </suite> <!-- Command line suite -->
</testng-results>
